[transvelo.github.io/electro-html/2.0/html/home/index.html]
[backblue.gif]
[fade.gif]
[index.html]
[transvelo.github.io/electro-html/2.0/favicon.png]
[transvelo.github.io/electro-html/2.0/assets/vendor/font-awesome/css/fontawesome-all.min.css]
[transvelo.github.io/electro-html/2.0/assets/css/font-electro.css]
[transvelo.github.io/electro-html/2.0/assets/vendor/animate.css/animate.min.css]
[transvelo.github.io/electro-html/2.0/assets/vendor/hs-megamenu/src/hs.megamenu.css]
[transvelo.github.io/electro-html/2.0/assets/vendor/malihu-custom-scrollbar-plugin/jquery.mCustomScrollbar.css]
[transvelo.github.io/electro-html/2.0/assets/vendor/fancybox/jquery.fancybox.css]
[transvelo.github.io/electro-html/2.0/assets/vendor/slick-carousel/slick/slick.css]
[transvelo.github.io/electro-html/2.0/assets/vendor/bootstrap-select/dist/css/bootstrap-select.min.css]
[transvelo.github.io/electro-html/2.0/assets/css/theme.css]
[transvelo.github.io/electro-html/2.0/html/home/contact-v2.html]
[transvelo.github.io/electro-html/2.0/assets/img/75X75/img1.jpg]
[transvelo.github.io/electro-html/2.0/assets/img/75X75/img2.jpg]
[transvelo.github.io/electro-html/2.0/assets/img/500X400/img1.png]
[transvelo.github.io/electro-html/2.0/assets/img/500X400/img4.png]
[transvelo.github.io/electro-html/2.0/assets/img/500X400/img3.png]
[transvelo.github.io/electro-html/2.0/assets/img/500X400/img2.png]
[transvelo.github.io/electro-html/2.0/assets/img/500X400/img5.png]
[transvelo.github.io/electro-html/2.0/assets/img/500X400/img6.png]
[transvelo.github.io/electro-html/2.0/assets/img/500X400/img7.png]
[transvelo.github.io/electro-html/2.0/html/home/home-v2.html]
[transvelo.github.io/electro-html/2.0/html/home/home-v3.html]
[transvelo.github.io/electro-html/2.0/html/home/home-v4.html]
[transvelo.github.io/electro-html/2.0/html/home/home-v3-full-color-bg.html]
[transvelo.github.io/electro-html/2.0/html/home/home-v5.html]
[transvelo.github.io/electro-html/2.0/html/home/home-v6.html]
[transvelo.github.io/electro-html/2.0/html/home/home-v7.html]
[transvelo.github.io/electro-html/2.0/html/home/about.html]
[transvelo.github.io/electro-html/2.0/html/home/contact-v1.html]
[transvelo.github.io/electro-html/2.0/html/home/faq.html]
[transvelo.github.io/electro-html/2.0/html/home/store-directory.html]
[transvelo.github.io/electro-html/2.0/html/home/terms-and-conditions.html]
[transvelo.github.io/electro-html/2.0/html/home/404.html]
[transvelo.github.io/electro-html/2.0/assets/img/1920X422/img1.jpg]
[transvelo.github.io/electro-html/2.0/assets/img/416X420/img1.png]
[transvelo.github.io/electro-html/2.0/assets/img/416X420/img2.png]
[transvelo.github.io/electro-html/2.0/assets/img/416X420/img3.png]
[transvelo.github.io/electro-html/2.0/assets/img/190X150/img1.png]
[transvelo.github.io/electro-html/2.0/assets/img/190X150/img2.jpg]
[transvelo.github.io/electro-html/2.0/assets/img/190X150/img3.jpg]
[transvelo.github.io/electro-html/2.0/assets/img/190X150/img4.png]
[transvelo.github.io/electro-html/2.0/assets/img/320X300/img1.jpg]
[transvelo.github.io/electro-html/2.0/assets/img/212X200/img1.jpg]
[transvelo.github.io/electro-html/2.0/assets/img/212X200/img2.jpg]
[transvelo.github.io/electro-html/2.0/assets/img/212X200/img3.jpg]
[transvelo.github.io/electro-html/2.0/assets/img/212X200/img4.jpg]
[transvelo.github.io/electro-html/2.0/assets/img/212X200/img5.jpg]
[transvelo.github.io/electro-html/2.0/assets/img/212X200/img6.jpg]
[transvelo.github.io/electro-html/2.0/assets/img/212X200/img7.jpg]
[transvelo.github.io/electro-html/2.0/assets/img/212X200/img8.jpg]
[transvelo.github.io/electro-html/2.0/assets/img/564X520/img2.jpg]
[transvelo.github.io/electro-html/2.0/assets/img/1920X1080/img1.jpg]
[transvelo.github.io/electro-html/2.0/assets/img/100X100/img1.jpg]
[transvelo.github.io/electro-html/2.0/assets/img/1920X1080/img2.jpg]
[transvelo.github.io/electro-html/2.0/assets/img/100X100/img2.jpg]
[transvelo.github.io/electro-html/2.0/assets/img/1920X1080/img3.jpg]
[transvelo.github.io/electro-html/2.0/assets/img/100X100/img3.jpg]
[transvelo.github.io/electro-html/2.0/assets/img/150X140/img1.jpg]
[transvelo.github.io/electro-html/2.0/assets/img/150X140/img2.jpg]
[transvelo.github.io/electro-html/2.0/assets/img/150X140/img3.jpg]
[transvelo.github.io/electro-html/2.0/assets/img/150X140/img7.jpg]
[transvelo.github.io/electro-html/2.0/assets/img/150X140/img4.jpg]
[transvelo.github.io/electro-html/2.0/assets/img/150X140/img5.jpg]
[transvelo.github.io/electro-html/2.0/assets/img/150X140/img6.jpg]
[transvelo.github.io/electro-html/2.0/assets/img/150X140/img8.jpg]
[transvelo.github.io/electro-html/2.0/assets/img/1400X206/img1.jpg]
[transvelo.github.io/electro-html/2.0/assets/img/200X60/img1.png]
[transvelo.github.io/electro-html/2.0/assets/img/200X60/img2.png]
[transvelo.github.io/electro-html/2.0/assets/img/200X60/img3.png]
[transvelo.github.io/electro-html/2.0/assets/img/200X60/img4.png]
[transvelo.github.io/electro-html/2.0/assets/img/200X60/img5.png]
[transvelo.github.io/electro-html/2.0/assets/img/200X60/img6.png]
[transvelo.github.io/electro-html/2.0/assets/img/75X75/img3.jpg]
[transvelo.github.io/electro-html/2.0/assets/img/75X75/img4.jpg]
[transvelo.github.io/electro-html/2.0/assets/img/75X75/img5.jpg]
[transvelo.github.io/electro-html/2.0/assets/img/75X75/img6.jpg]
[transvelo.github.io/electro-html/2.0/assets/img/75X75/img7.jpg]
[transvelo.github.io/electro-html/2.0/assets/img/75X75/img8.jpg]
[transvelo.github.io/electro-html/2.0/assets/img/75X75/img9.jpg]
[transvelo.github.io/electro-html/2.0/assets/img/330X360/img1.jpg]
[transvelo.github.io/electro-html/2.0/assets/img/100X60/img1.jpg]
[transvelo.github.io/electro-html/2.0/assets/img/100X60/img2.jpg]
[transvelo.github.io/electro-html/2.0/assets/img/100X60/img3.jpg]
[transvelo.github.io/electro-html/2.0/assets/img/100X60/img4.jpg]
[transvelo.github.io/electro-html/2.0/assets/img/100X60/img5.jpg]
[transvelo.github.io/electro-html/2.0/assets/vendor/jquery/dist/jquery.min.js]
[transvelo.github.io/electro-html/2.0/assets/vendor/jquery-migrate/dist/jquery-migrate.min.js]
[transvelo.github.io/electro-html/2.0/assets/vendor/popper.js/dist/umd/popper.min.js]
[transvelo.github.io/electro-html/2.0/assets/vendor/bootstrap/bootstrap.min.js]
[transvelo.github.io/electro-html/2.0/assets/vendor/appear.js]
[transvelo.github.io/electro-html/2.0/assets/vendor/jquery.countdown.min.js]
[transvelo.github.io/electro-html/2.0/assets/vendor/hs-megamenu/src/hs.megamenu.js]
[transvelo.github.io/electro-html/2.0/assets/vendor/svg-injector/dist/svg-injector.min.js]
[transvelo.github.io/electro-html/2.0/assets/vendor/malihu-custom-scrollbar-plugin/jquery.mCustomScrollbar.concat.min.js]
[transvelo.github.io/electro-html/2.0/assets/vendor/jquery-validation/dist/jquery.validate.min.js]
[transvelo.github.io/electro-html/2.0/assets/vendor/fancybox/jquery.fancybox.min.js]
[transvelo.github.io/electro-html/2.0/assets/vendor/typed.js/lib/typed.min.js]
[transvelo.github.io/electro-html/2.0/assets/vendor/slick-carousel/slick/slick.js]
[transvelo.github.io/electro-html/2.0/assets/vendor/bootstrap-select/dist/js/bootstrap-select.min.js]
[transvelo.github.io/electro-html/2.0/assets/js/hs.core.js]
[transvelo.github.io/electro-html/2.0/assets/js/components/hs.countdown.js]
[transvelo.github.io/electro-html/2.0/assets/js/components/hs.header.js]
[transvelo.github.io/electro-html/2.0/assets/js/components/hs.hamburgers.js]
[transvelo.github.io/electro-html/2.0/assets/js/components/hs.unfold.js]
[transvelo.github.io/electro-html/2.0/assets/js/components/hs.focus-state.js]
[transvelo.github.io/electro-html/2.0/assets/js/components/hs.malihu-scrollbar.js]
[transvelo.github.io/electro-html/2.0/assets/js/components/hs.validation.js]
[transvelo.github.io/electro-html/2.0/assets/js/components/hs.fancybox.js]
[transvelo.github.io/electro-html/2.0/assets/js/components/hs.onscroll-animation.js]
[transvelo.github.io/electro-html/2.0/assets/js/components/hs.slick-carousel.js]
[transvelo.github.io/electro-html/2.0/assets/js/components/hs.show-animation.js]
[transvelo.github.io/electro-html/2.0/assets/js/components/hs.svg-injector.js]
[transvelo.github.io/electro-html/2.0/assets/js/components/hs.go-to.js]
[transvelo.github.io/electro-html/2.0/assets/js/components/hs.selectpicker.js]
[transvelo.github.io/electro-html/2.0/html/home/index.html]
[transvelo.github.io/electro-html/2.0/assets/vendor/font-awesome/css/fontawesome-all.min.css]
[transvelo.github.io/electro-html/2.0/assets/css/font-electro.css]
[transvelo.github.io/electro-html/2.0/assets/vendor/animate.css/animate.min.css]
[transvelo.github.io/electro-html/2.0/assets/vendor/hs-megamenu/src/hs.megamenu.css]
[transvelo.github.io/electro-html/2.0/assets/vendor/malihu-custom-scrollbar-plugin/mCSB_buttons.png]
[transvelo.github.io/electro-html/2.0/assets/vendor/malihu-custom-scrollbar-plugin/jquery.mCustomScrollbar.css]
[transvelo.github.io/electro-html/2.0/assets/vendor/fancybox/jquery.fancybox.css]
[transvelo.github.io/electro-html/2.0/assets/vendor/slick-carousel/slick/slick.css]
[transvelo.github.io/electro-html/2.0/assets/vendor/bootstrap-select/dist/css/bootstrap-select.min.css]
[transvelo.github.io/electro-html/2.0/assets/css/theme.css]
[transvelo.github.io/electro-html/2.0/assets/vendor/ion-rangeslider/css/ion.rangeSlider.css]
[transvelo.github.io/electro-html/2.0/assets/img/300X300/img1.jpg]
[transvelo.github.io/electro-html/2.0/assets/img/300X300/img3.jpg]
[transvelo.github.io/electro-html/2.0/assets/img/300X300/img5.jpg]
[transvelo.github.io/electro-html/2.0/assets/img/300X300/img6.jpg]
[transvelo.github.io/electro-html/2.0/assets/img/300X300/img10.png]
[transvelo.github.io/electro-html/2.0/assets/vendor/ion-rangeslider/js/ion.rangeSlider.min.js]
[transvelo.github.io/electro-html/2.0/assets/js/components/hs.quantity-counter.js]
[transvelo.github.io/electro-html/2.0/assets/js/components/hs.range-slider.js]
[transvelo.github.io/electro-html/2.0/assets/js/components/hs.scroll-nav.js]
[transvelo.github.io/electro-html/2.0/html/home/contact-v2.html]
[transvelo.github.io/electro-html/2.0/assets/img/374X386/img1.png]
[transvelo.github.io/electro-html/2.0/assets/img/270X428/img1.jpg]
[transvelo.github.io/electro-html/2.0/assets/img/270X180/img1.jpg]
[transvelo.github.io/electro-html/2.0/assets/img/246X176/img1.jpg]
[transvelo.github.io/electro-html/2.0/assets/img/246X176/img2.jpg]
[transvelo.github.io/electro-html/2.0/assets/img/246X176/img3.jpg]
[transvelo.github.io/electro-html/2.0/assets/img/380X350/img1.jpg]
[transvelo.github.io/electro-html/2.0/assets/img/380X350/img2.jpg]
[transvelo.github.io/electro-html/2.0/assets/img/212X305/img1.jpg]
[transvelo.github.io/electro-html/2.0/assets/img/212X305/img2.jpg]
[transvelo.github.io/electro-html/2.0/assets/img/536X150/img1.jpg]
[transvelo.github.io/electro-html/2.0/assets/img/536X150/img2.jpg]
[transvelo.github.io/electro-html/2.0/html/home/home-v2.html]
[transvelo.github.io/electro-html/2.0/assets/img/300X275/img1.jpg]
[transvelo.github.io/electro-html/2.0/assets/img/300X275/img2.jpg]
[transvelo.github.io/electro-html/2.0/assets/img/1024X1024/img1.jpg]
[transvelo.github.io/electro-html/2.0/assets/img/1024X1024/img2.jpg]
[transvelo.github.io/electro-html/2.0/assets/img/300X275/img3.jpg]
[transvelo.github.io/electro-html/2.0/assets/img/300X275/img4.jpg]
[transvelo.github.io/electro-html/2.0/assets/img/300X275/img5.jpg]
[transvelo.github.io/electro-html/2.0/assets/img/300X275/img6.jpg]
[transvelo.github.io/electro-html/2.0/assets/img/300X275/img7.jpg]
[transvelo.github.io/electro-html/2.0/assets/img/300X275/img8.jpg]
[transvelo.github.io/electro-html/2.0/assets/img/1024X1024/img3.jpg]
[transvelo.github.io/electro-html/2.0/assets/img/1024X1024/img4.png]
[transvelo.github.io/electro-html/2.0/assets/img/300X275/img9.jpg]
[transvelo.github.io/electro-html/2.0/assets/img/300X275/img10.jpg]
[transvelo.github.io/electro-html/2.0/assets/img/300X275/img11.jpg]
[transvelo.github.io/electro-html/2.0/assets/img/1920X422/img2.jpg]
[transvelo.github.io/electro-html/2.0/assets/img/468X417/img1.png]
[transvelo.github.io/electro-html/2.0/assets/img/1920X1080/img4.jpg]
[transvelo.github.io/electro-html/2.0/assets/img/665X616/img1.png]
[transvelo.github.io/electro-html/2.0/assets/img/300X300/img2.png]
[transvelo.github.io/electro-html/2.0/assets/img/300X300/img4.jpg]
[transvelo.github.io/electro-html/2.0/assets/img/300X300/img7.png]
[transvelo.github.io/electro-html/2.0/assets/img/300X300/img8.jpg]
[transvelo.github.io/electro-html/2.0/assets/img/690X150/img1.jpg]
[transvelo.github.io/electro-html/2.0/assets/img/690X150/img2.jpg]
[transvelo.github.io/electro-html/2.0/html/home/home-v3.html]
[transvelo.github.io/electro-html/2.0/assets/img/500X380/img1.png]
[transvelo.github.io/electro-html/2.0/assets/img/500X380/img2.png]
[transvelo.github.io/electro-html/2.0/assets/img/500X380/img3.png]
[transvelo.github.io/electro-html/2.0/assets/img/1400X143/img1.png]
[transvelo.github.io/electro-html/2.0/assets/img/360X616/img1.jpg]
[transvelo.github.io/electro-html/2.0/assets/img/360X616/img2.jpg]
[transvelo.github.io/electro-html/2.0/assets/img/100X100/img4.png]
[transvelo.github.io/electro-html/2.0/assets/img/100X100/img5.png]
[transvelo.github.io/electro-html/2.0/assets/img/100X100/img6.png]
[transvelo.github.io/electro-html/2.0/assets/img/100X100/img7.png]
[transvelo.github.io/electro-html/2.0/assets/img/100X100/img8.png]
[transvelo.github.io/electro-html/2.0/assets/img/100X100/img9.png]
[transvelo.github.io/electro-html/2.0/assets/img/100X100/img10.png]
[transvelo.github.io/electro-html/2.0/assets/img/100X100/img11.png]
[transvelo.github.io/electro-html/2.0/assets/img/100X100/img12.png]
[transvelo.github.io/electro-html/2.0/assets/img/100X100/img13.png]
[transvelo.github.io/electro-html/2.0/assets/img/564X520/img3.jpg]
[transvelo.github.io/electro-html/2.0/assets/img/1920X1080/img8.jpg]
[transvelo.github.io/electro-html/2.0/assets/img/100X100/img14.jpg]
[transvelo.github.io/electro-html/2.0/assets/img/1920X1080/img6.jpg]
[transvelo.github.io/electro-html/2.0/assets/img/100X100/img15.jpg]
[transvelo.github.io/electro-html/2.0/assets/img/1920X1080/img7.jpg]
[transvelo.github.io/electro-html/2.0/assets/img/100X100/img16.jpg]
[transvelo.github.io/electro-html/2.0/html/home/home-v4.html]
[transvelo.github.io/electro-html/2.0/html/home/home-v3-full-color-bg.html]
[transvelo.github.io/electro-html/2.0/assets/img/1400X420/img1.jpg]
[transvelo.github.io/electro-html/2.0/assets/img/400X400/img2.png]
[transvelo.github.io/electro-html/2.0/assets/img/400X400/img1.png]
[transvelo.github.io/electro-html/2.0/assets/img/400X400/img3.png]
[transvelo.github.io/electro-html/2.0/assets/img/400X400/img4.png]
[transvelo.github.io/electro-html/2.0/assets/img/400X400/img5.png]
[transvelo.github.io/electro-html/2.0/assets/img/300X300/img9.png]
[transvelo.github.io/electro-html/2.0/assets/img/300X300/img11.png]
[transvelo.github.io/electro-html/2.0/assets/img/300X300/img12.png]
[transvelo.github.io/electro-html/2.0/assets/img/300X300/img13.png]
[transvelo.github.io/electro-html/2.0/assets/img/300X300/img14.png]
[transvelo.github.io/electro-html/2.0/assets/img/446X262/img1.jpg]
[transvelo.github.io/electro-html/2.0/assets/img/446X262/img3.jpg]
[transvelo.github.io/electro-html/2.0/assets/img/446X262/img4.jpg]
[transvelo.github.io/electro-html/2.0/assets/img/446X262/img2.jpg]
[transvelo.github.io/electro-html/2.0/html/home/home-v5.html]
[transvelo.github.io/electro-html/2.0/assets/img/1920X714/img1.jpg]
[transvelo.github.io/electro-html/2.0/assets/img/724X360/img2.png]
[transvelo.github.io/electro-html/2.0/assets/img/724X360/img1.png]
[transvelo.github.io/electro-html/2.0/assets/img/724X360/img3.png]
[transvelo.github.io/electro-html/2.0/assets/img/724X360/img4.png]
[transvelo.github.io/electro-html/2.0/assets/img/390X370/img1.jpg]
[transvelo.github.io/electro-html/2.0/assets/img/390X270/img1.jpg]
[transvelo.github.io/electro-html/2.0/html/home/home-v6.html]
[transvelo.github.io/electro-html/2.0/assets/img/300X300/img15.jpg]
[transvelo.github.io/electro-html/2.0/assets/img/140X140/img1.png]
[transvelo.github.io/electro-html/2.0/assets/img/140X140/img2.png]
[transvelo.github.io/electro-html/2.0/assets/img/140X140/img3.png]
[transvelo.github.io/electro-html/2.0/assets/img/370X608/img1.jpg]
[transvelo.github.io/electro-html/2.0/assets/img/200X276/img1.jpg]
[transvelo.github.io/electro-html/2.0/assets/img/200X276/img2.jpg]
[transvelo.github.io/electro-html/2.0/html/home/home-v7.html]
[transvelo.github.io/electro-html/2.0/assets/img/1920x600/img1.jpg]
[transvelo.github.io/electro-html/2.0/assets/img/500X300/img1.jpg]
[transvelo.github.io/electro-html/2.0/assets/img/500X300/img2.jpg]
[transvelo.github.io/electro-html/2.0/assets/img/500X300/img3.jpg]
[transvelo.github.io/electro-html/2.0/assets/img/300X300/img16.jpg]
[transvelo.github.io/electro-html/2.0/assets/img/300X300/img17.jpg]
[transvelo.github.io/electro-html/2.0/assets/img/300X300/img18.jpg]
[transvelo.github.io/electro-html/2.0/assets/img/300X300/img19.jpg]
[transvelo.github.io/electro-html/2.0/assets/img/300X300/img20.jpg]
[transvelo.github.io/electro-html/2.0/assets/img/300X300/img21.png]
[transvelo.github.io/electro-html/2.0/html/home/about.html]
[transvelo.github.io/electro-html/2.0/html/home/contact-v1.html]
[transvelo.github.io/electro-html/2.0/html/home/faq.html]
[transvelo.github.io/electro-html/2.0/html/home/store-directory.html]
[transvelo.github.io/electro-html/2.0/html/home/terms-and-conditions.html]
[transvelo.github.io/electro-html/2.0/html/home/404.html]
[transvelo.github.io/electro-html/2.0/assets/vendor/ion-rangeslider/css/ion.rangeSlider.css]
[transvelo.github.io/electro-html/2.0/assets/img/1920x600/img1.html]
